<?xml version="1.0" encoding="UTF-8"?>
<testng-results total="1" passed="1" failed="0" skipped="0">
  <reporter-output>
  </reporter-output>
  <suite started-at="2022-11-09T04:11:18Z" name="Suite1" finished-at="2022-11-09T04:11:58Z" duration-ms="40363">
    <groups>
    </groups>
    <test started-at="2022-11-09T04:11:18Z" name="Nopackage" finished-at="2022-11-09T04:11:58Z" duration-ms="40363">
      <class name="com.hrms.testscripts.TC001">
        <test-method signature="login()[pri:0, instance:com.hrms.testscripts.TC001@79e4c792]" started-at="2022-11-09T09:41:18Z" name="login" finished-at="2022-11-09T09:41:58Z" duration-ms="40329" status="PASS">
          <reporter-output>
          </reporter-output>
        </test-method> <!-- login -->
      </class> <!-- com.hrms.testscripts.TC001 -->
    </test> <!-- Nopackage -->
  </suite> <!-- Suite1 -->
</testng-results>
